The system is: Darwin - 20.3.0 - x86_64
Compiling the C compiler identification source file "CMakeCCompilerId.c" succeeded.
Compiler: /usr/local/Cellar/gcc/10.2.0_3/bin/gcc-10 
Build flags: 
Id flags:  

The output was:
0


Compilation of the C compiler identification source "CMakeCCompilerId.c" produced "a.out"

The C compiler identification is GNU, found in "/Users/hengyi/dev/cpp_error_warning_test_set/cmake-build-debug/CMakeFiles/3.19.4/CompilerIdC/a.out"

Compiling the CXX compiler identification source file "CMakeCXXCompilerId.cpp" succeeded.
Compiler: /usr/local/Cellar/gcc/10.2.0_3/bin/g++-10 
Build flags: 
Id flags:  

The output was:
0


Compilation of the CXX compiler identification source "CMakeCXXCompilerId.cpp" produced "a.out"

The CXX compiler identification is GNU, found in "/Users/hengyi/dev/cpp_error_warning_test_set/cmake-build-debug/CMakeFiles/3.19.4/CompilerIdCXX/a.out"

Detecting C compiler ABI info compiled with the following output:
Change Dir: /Users/hengyi/dev/cpp_error_warning_test_set/cmake-build-debug/CMakeFiles/CMakeTmp

Run Build Command(s):/usr/bin/make cmTC_1359a/fast && /Library/Developer/CommandLineTools/usr/bin/make  -f CMakeFiles/cmTC_1359a.dir/build.make CMakeFiles/cmTC_1359a.dir/build
Building C object CMakeFiles/cmTC_1359a.dir/CMakeCCompilerABI.c.o
/usr/local/Cellar/gcc/10.2.0_3/bin/gcc-10   -v -Wl,-v -o CMakeFiles/cmTC_1359a.dir/CMakeCCompilerABI.c.o -c /usr/local/Cellar/cmake/3.19.4/share/cmake/Modules/CMakeCCompilerABI.c
Using built-in specs.
COLLECT_GCC=/usr/local/Cellar/gcc/10.2.0_3/bin/gcc-10
Target: x86_64-apple-darwin20
Configured with: ../configure --build=x86_64-apple-darwin20 --prefix=/usr/local/Cellar/gcc/10.2.0_3 --libdir=/usr/local/Cellar/gcc/10.2.0_3/lib/gcc/10 --disable-nls --enable-checking=release --enable-languages=c,c++,objc,obj-c++,fortran --program-suffix=-10 --with-gmp=/usr/local/opt/gmp --with-mpfr=/usr/local/opt/mpfr --with-mpc=/usr/local/opt/libmpc --with-isl=/usr/local/opt/isl --with-system-zlib --with-pkgversion='Homebrew GCC 10.2.0_3' --with-bugurl=https://github.com/Homebrew/homebrew-core/issues --disable-multilib --with-native-system-header-dir=/usr/include --with-sysroot=/Library/Developer/CommandLineTools/SDKs/MacOSX.sdk SED=/usr/bin/sed
Thread model: posix
Supported LTO compression algorithms: zlib
gcc version 10.2.0 (Homebrew GCC 10.2.0_3) 
COLLECT_GCC_OPTIONS='-v' '-o' 'CMakeFiles/cmTC_1359a.dir/CMakeCCompilerABI.c.o' '-c' '-mmacosx-version-min=11.2.0' '-asm_macosx_version_min=11.2' '-mtune=core2'
 /usr/local/Cellar/gcc/10.2.0_3/libexec/gcc/x86_64-apple-darwin20/10.2.0/cc1 -quiet -v -D__DYNAMIC__ /usr/local/Cellar/cmake/3.19.4/share/cmake/Modules/CMakeCCompilerABI.c -fPIC -quiet -dumpbase CMakeCCompilerABI.c -mmacosx-version-min=11.2.0 -mtune=core2 -auxbase-strip CMakeFiles/cmTC_1359a.dir/CMakeCCompilerABI.c.o -version -o /var/folders/rs/w8s1gwgn4nd4bcqf00p2ph180000gn/T//ccqbFlbY.s
GNU C17 (Homebrew GCC 10.2.0_3) version 10.2.0 (x86_64-apple-darwin20)
	compiled by GNU C version 10.2.0, GMP version 6.2.1, MPFR version 4.1.0, MPC version 1.2.1, isl version isl-0.23-GMP

GGC heuristics: --param ggc-min-expand=100 --param ggc-min-heapsize=131072
ignoring nonexistent directory "/Library/Developer/CommandLineTools/SDKs/MacOSX.sdk/usr/local/include"
ignoring nonexistent directory "/usr/local/Cellar/gcc/10.2.0_3/lib/gcc/10/gcc/x86_64-apple-darwin20/10.2.0/../../../../../../x86_64-apple-darwin20/include"
ignoring nonexistent directory "/Library/Developer/CommandLineTools/SDKs/MacOSX.sdk/Library/Frameworks"
#include "..." search starts here:
#include <...> search starts here:
 /usr/local/Cellar/gcc/10.2.0_3/lib/gcc/10/gcc/x86_64-apple-darwin20/10.2.0/include
 /usr/local/Cellar/gcc/10.2.0_3/lib/gcc/10/gcc/x86_64-apple-darwin20/10.2.0/include-fixed
 /Library/Developer/CommandLineTools/SDKs/MacOSX.sdk/usr/include
 /Library/Developer/CommandLineTools/SDKs/MacOSX.sdk/System/Library/Frameworks
End of search list.
GNU C17 (Homebrew GCC 10.2.0_3) version 10.2.0 (x86_64-apple-darwin20)
	compiled by GNU C version 10.2.0, GMP version 6.2.1, MPFR version 4.1.0, MPC version 1.2.1, isl version isl-0.23-GMP

GGC heuristics: --param ggc-min-expand=100 --param ggc-min-heapsize=131072
Compiler executable checksum: 0971424d668f2a6328efbbdb1127e449
COLLECT_GCC_OPTIONS='-v' '-o' 'CMakeFiles/cmTC_1359a.dir/CMakeCCompilerABI.c.o' '-c' '-mmacosx-version-min=11.2.0'  '-mtune=core2'
 as -arch x86_64 -v -force_cpusubtype_ALL -mmacosx-version-min=11.2 -o CMakeFiles/cmTC_1359a.dir/CMakeCCompilerABI.c.o /var/folders/rs/w8s1gwgn4nd4bcqf00p2ph180000gn/T//ccqbFlbY.s
Apple clang version 12.0.0 (clang-1200.0.32.29)
Target: x86_64-apple-darwin20.3.0
Thread model: posix
InstalledDir: /Library/Developer/CommandLineTools/usr/bin
 "/Library/Developer/CommandLineTools/usr/bin/clang" -cc1as -triple x86_64-apple-macosx11.2.0 -filetype obj -main-file-name ccqbFlbY.s -target-cpu penryn -fdebug-compilation-dir /Users/hengyi/dev/cpp_error_warning_test_set/cmake-build-debug/CMakeFiles/CMakeTmp -dwarf-debug-producer "Apple clang version 12.0.0 (clang-1200.0.32.29)" -dwarf-version=4 -mrelocation-model pic -o CMakeFiles/cmTC_1359a.dir/CMakeCCompilerABI.c.o /var/folders/rs/w8s1gwgn4nd4bcqf00p2ph180000gn/T//ccqbFlbY.s
COMPILER_PATH=/usr/local/Cellar/gcc/10.2.0_3/libexec/gcc/x86_64-apple-darwin20/10.2.0/:/usr/local/Cellar/gcc/10.2.0_3/libexec/gcc/x86_64-apple-darwin20/10.2.0/:/usr/local/Cellar/gcc/10.2.0_3/libexec/gcc/x86_64-apple-darwin20/:/usr/local/Cellar/gcc/10.2.0_3/lib/gcc/10/gcc/x86_64-apple-darwin20/10.2.0/:/usr/local/Cellar/gcc/10.2.0_3/lib/gcc/10/gcc/x86_64-apple-darwin20/
LIBRARY_PATH=/usr/local/Cellar/gcc/10.2.0_3/lib/gcc/10/gcc/x86_64-apple-darwin20/10.2.0/:/usr/local/Cellar/gcc/10.2.0_3/lib/gcc/10/gcc/x86_64-apple-darwin20/10.2.0/../../../
COLLECT_GCC_OPTIONS='-v' '-o' 'CMakeFiles/cmTC_1359a.dir/CMakeCCompilerABI.c.o' '-c' '-mmacosx-version-min=11.2.0'  '-mtune=core2'
Linking C executable cmTC_1359a
/usr/local/Cellar/cmake/3.19.4/bin/cmake -E cmake_link_script CMakeFiles/cmTC_1359a.dir/link.txt --verbose=1
/usr/local/Cellar/gcc/10.2.0_3/bin/gcc-10 -Wl,-search_paths_first -Wl,-headerpad_max_install_names  -v -Wl,-v CMakeFiles/cmTC_1359a.dir/CMakeCCompilerABI.c.o -o cmTC_1359a 
Using built-in specs.
COLLECT_GCC=/usr/local/Cellar/gcc/10.2.0_3/bin/gcc-10
COLLECT_LTO_WRAPPER=/usr/local/Cellar/gcc/10.2.0_3/libexec/gcc/x86_64-apple-darwin20/10.2.0/lto-wrapper
Target: x86_64-apple-darwin20
Configured with: ../configure --build=x86_64-apple-darwin20 --prefix=/usr/local/Cellar/gcc/10.2.0_3 --libdir=/usr/local/Cellar/gcc/10.2.0_3/lib/gcc/10 --disable-nls --enable-checking=release --enable-languages=c,c++,objc,obj-c++,fortran --program-suffix=-10 --with-gmp=/usr/local/opt/gmp --with-mpfr=/usr/local/opt/mpfr --with-mpc=/usr/local/opt/libmpc --with-isl=/usr/local/opt/isl --with-system-zlib --with-pkgversion='Homebrew GCC 10.2.0_3' --with-bugurl=https://github.com/Homebrew/homebrew-core/issues --disable-multilib --with-native-system-header-dir=/usr/include --with-sysroot=/Library/Developer/CommandLineTools/SDKs/MacOSX.sdk SED=/usr/bin/sed
Thread model: posix
Supported LTO compression algorithms: zlib
gcc version 10.2.0 (Homebrew GCC 10.2.0_3) 
COMPILER_PATH=/usr/local/Cellar/gcc/10.2.0_3/libexec/gcc/x86_64-apple-darwin20/10.2.0/:/usr/local/Cellar/gcc/10.2.0_3/libexec/gcc/x86_64-apple-darwin20/10.2.0/:/usr/local/Cellar/gcc/10.2.0_3/libexec/gcc/x86_64-apple-darwin20/:/usr/local/Cellar/gcc/10.2.0_3/lib/gcc/10/gcc/x86_64-apple-darwin20/10.2.0/:/usr/local/Cellar/gcc/10.2.0_3/lib/gcc/10/gcc/x86_64-apple-darwin20/
LIBRARY_PATH=/usr/local/Cellar/gcc/10.2.0_3/lib/gcc/10/gcc/x86_64-apple-darwin20/10.2.0/:/usr/local/Cellar/gcc/10.2.0_3/lib/gcc/10/gcc/x86_64-apple-darwin20/10.2.0/../../../
COLLECT_GCC_OPTIONS='-v' '-o' 'cmTC_1359a' '-mmacosx-version-min=11.2.0' '-asm_macosx_version_min=11.2' '-mtune=core2'
 /usr/local/Cellar/gcc/10.2.0_3/libexec/gcc/x86_64-apple-darwin20/10.2.0/collect2 -syslibroot /Library/Developer/CommandLineTools/SDKs/MacOSX.sdk/ -dynamic -arch x86_64 -macosx_version_min 11.2.0 -weak_reference_mismatches non-weak -o cmTC_1359a -L/usr/local/Cellar/gcc/10.2.0_3/lib/gcc/10/gcc/x86_64-apple-darwin20/10.2.0 -L/usr/local/Cellar/gcc/10.2.0_3/lib/gcc/10/gcc/x86_64-apple-darwin20/10.2.0/../../.. -search_paths_first -headerpad_max_install_names -v CMakeFiles/cmTC_1359a.dir/CMakeCCompilerABI.c.o -lSystem -lgcc_ext.10.5 -lgcc -lSystem -no_compact_unwind -v
collect2 version 10.2.0
/usr/bin/ld -syslibroot /Library/Developer/CommandLineTools/SDKs/MacOSX.sdk/ -dynamic -arch x86_64 -macosx_version_min 11.2.0 -weak_reference_mismatches non-weak -o cmTC_1359a -L/usr/local/Cellar/gcc/10.2.0_3/lib/gcc/10/gcc/x86_64-apple-darwin20/10.2.0 -L/usr/local/Cellar/gcc/10.2.0_3/lib/gcc/10/gcc/x86_64-apple-darwin20/10.2.0/../../.. -search_paths_first -headerpad_max_install_names -v CMakeFiles/cmTC_1359a.dir/CMakeCCompilerABI.c.o -lSystem -lgcc_ext.10.5 -lgcc -lSystem -no_compact_unwind -v
@(#)PROGRAM:ld  PROJECT:ld64-609.8
BUILD 15:07:46 Dec 18 2020
configured to support archs: armv6 armv7 armv7s arm64 arm64e arm64_32 i386 x86_64 x86_64h armv6m armv7k armv7m armv7em
@(#)PROGRAM:ld  PROJECT:ld64-609.8
BUILD 15:07:46 Dec 18 2020
configured to support archs: armv6 armv7 armv7s arm64 arm64e arm64_32 i386 x86_64 x86_64h armv6m armv7k armv7m armv7em
Library search paths:
	/usr/local/Cellar/gcc/10.2.0_3/lib/gcc/10/gcc/x86_64-apple-darwin20/10.2.0
	/usr/local/Cellar/gcc/10.2.0_3/lib/gcc/10
	/Library/Developer/CommandLineTools/SDKs/MacOSX.sdk/usr/lib
Framework search paths:
	/Library/Developer/CommandLineTools/SDKs/MacOSX.sdk/System/Library/Frameworks/



Parsed C implicit include dir info from above output: rv=done
  found start of include info
  found start of implicit include info
    add: [/usr/local/Cellar/gcc/10.2.0_3/lib/gcc/10/gcc/x86_64-apple-darwin20/10.2.0/include]
    add: [/usr/local/Cellar/gcc/10.2.0_3/lib/gcc/10/gcc/x86_64-apple-darwin20/10.2.0/include-fixed]
    add: [/Library/Developer/CommandLineTools/SDKs/MacOSX.sdk/usr/include]
    add: [/Library/Developer/CommandLineTools/SDKs/MacOSX.sdk/System/Library/Frameworks]
  end of search list found
  collapse include dir [/usr/local/Cellar/gcc/10.2.0_3/lib/gcc/10/gcc/x86_64-apple-darwin20/10.2.0/include] ==> [/usr/local/Cellar/gcc/10.2.0_3/lib/gcc/10/gcc/x86_64-apple-darwin20/10.2.0/include]
  collapse include dir [/usr/local/Cellar/gcc/10.2.0_3/lib/gcc/10/gcc/x86_64-apple-darwin20/10.2.0/include-fixed] ==> [/usr/local/Cellar/gcc/10.2.0_3/lib/gcc/10/gcc/x86_64-apple-darwin20/10.2.0/include-fixed]
  collapse include dir [/Library/Developer/CommandLineTools/SDKs/MacOSX.sdk/usr/include] ==> [/Library/Developer/CommandLineTools/SDKs/MacOSX.sdk/usr/include]
  collapse include dir [/Library/Developer/CommandLineTools/SDKs/MacOSX.sdk/System/Library/Frameworks] ==> [/Library/Developer/CommandLineTools/SDKs/MacOSX.sdk/System/Library/Frameworks]
  implicit include dirs: [/usr/local/Cellar/gcc/10.2.0_3/lib/gcc/10/gcc/x86_64-apple-darwin20/10.2.0/include;/usr/local/Cellar/gcc/10.2.0_3/lib/gcc/10/gcc/x86_64-apple-darwin20/10.2.0/include-fixed;/Library/Developer/CommandLineTools/SDKs/MacOSX.sdk/usr/include;/Library/Developer/CommandLineTools/SDKs/MacOSX.sdk/System/Library/Frameworks]


Parsed C implicit link information from above output:
  link line regex: [^( *|.*[/\])(ld|CMAKE_LINK_STARTFILE-NOTFOUND|([^/\]+-)?ld|collect2)[^/\]*( |$)]
  ignore line: [Change Dir: /Users/hengyi/dev/cpp_error_warning_test_set/cmake-build-debug/CMakeFiles/CMakeTmp]
  ignore line: []
  ignore line: [Run Build Command(s):/usr/bin/make cmTC_1359a/fast && /Library/Developer/CommandLineTools/usr/bin/make  -f CMakeFiles/cmTC_1359a.dir/build.make CMakeFiles/cmTC_1359a.dir/build]
  ignore line: [Building C object CMakeFiles/cmTC_1359a.dir/CMakeCCompilerABI.c.o]
  ignore line: [/usr/local/Cellar/gcc/10.2.0_3/bin/gcc-10   -v -Wl -v -o CMakeFiles/cmTC_1359a.dir/CMakeCCompilerABI.c.o -c /usr/local/Cellar/cmake/3.19.4/share/cmake/Modules/CMakeCCompilerABI.c]
  ignore line: [Using built-in specs.]
  ignore line: [COLLECT_GCC=/usr/local/Cellar/gcc/10.2.0_3/bin/gcc-10]
  ignore line: [Target: x86_64-apple-darwin20]
  ignore line: [Configured with: ../configure --build=x86_64-apple-darwin20 --prefix=/usr/local/Cellar/gcc/10.2.0_3 --libdir=/usr/local/Cellar/gcc/10.2.0_3/lib/gcc/10 --disable-nls --enable-checking=release --enable-languages=c c++ objc obj-c++ fortran --program-suffix=-10 --with-gmp=/usr/local/opt/gmp --with-mpfr=/usr/local/opt/mpfr --with-mpc=/usr/local/opt/libmpc --with-isl=/usr/local/opt/isl --with-system-zlib --with-pkgversion='Homebrew GCC 10.2.0_3' --with-bugurl=https://github.com/Homebrew/homebrew-core/issues --disable-multilib --with-native-system-header-dir=/usr/include --with-sysroot=/Library/Developer/CommandLineTools/SDKs/MacOSX.sdk SED=/usr/bin/sed]
  ignore line: [Thread model: posix]
  ignore line: [Supported LTO compression algorithms: zlib]
  ignore line: [gcc version 10.2.0 (Homebrew GCC 10.2.0_3) ]
  ignore line: [COLLECT_GCC_OPTIONS='-v' '-o' 'CMakeFiles/cmTC_1359a.dir/CMakeCCompilerABI.c.o' '-c' '-mmacosx-version-min=11.2.0' '-asm_macosx_version_min=11.2' '-mtune=core2']
  ignore line: [ /usr/local/Cellar/gcc/10.2.0_3/libexec/gcc/x86_64-apple-darwin20/10.2.0/cc1 -quiet -v -D__DYNAMIC__ /usr/local/Cellar/cmake/3.19.4/share/cmake/Modules/CMakeCCompilerABI.c -fPIC -quiet -dumpbase CMakeCCompilerABI.c -mmacosx-version-min=11.2.0 -mtune=core2 -auxbase-strip CMakeFiles/cmTC_1359a.dir/CMakeCCompilerABI.c.o -version -o /var/folders/rs/w8s1gwgn4nd4bcqf00p2ph180000gn/T//ccqbFlbY.s]
  ignore line: [GNU C17 (Homebrew GCC 10.2.0_3) version 10.2.0 (x86_64-apple-darwin20)]
  ignore line: [	compiled by GNU C version 10.2.0  GMP version 6.2.1  MPFR version 4.1.0  MPC version 1.2.1  isl version isl-0.23-GMP]
  ignore line: []
  ignore line: [GGC heuristics: --param ggc-min-expand=100 --param ggc-min-heapsize=131072]
  ignore line: [ignoring nonexistent directory "/Library/Developer/CommandLineTools/SDKs/MacOSX.sdk/usr/local/include"]
  ignore line: [ignoring nonexistent directory "/usr/local/Cellar/gcc/10.2.0_3/lib/gcc/10/gcc/x86_64-apple-darwin20/10.2.0/../../../../../../x86_64-apple-darwin20/include"]
  ignore line: [ignoring nonexistent directory "/Library/Developer/CommandLineTools/SDKs/MacOSX.sdk/Library/Frameworks"]
  ignore line: [#include "..." search starts here:]
  ignore line: [#include <...> search starts here:]
  ignore line: [ /usr/local/Cellar/gcc/10.2.0_3/lib/gcc/10/gcc/x86_64-apple-darwin20/10.2.0/include]
  ignore line: [ /usr/local/Cellar/gcc/10.2.0_3/lib/gcc/10/gcc/x86_64-apple-darwin20/10.2.0/include-fixed]
  ignore line: [ /Library/Developer/CommandLineTools/SDKs/MacOSX.sdk/usr/include]
  ignore line: [ /Library/Developer/CommandLineTools/SDKs/MacOSX.sdk/System/Library/Frameworks]
  ignore line: [End of search list.]
  ignore line: [GNU C17 (Homebrew GCC 10.2.0_3) version 10.2.0 (x86_64-apple-darwin20)]
  ignore line: [	compiled by GNU C version 10.2.0  GMP version 6.2.1  MPFR version 4.1.0  MPC version 1.2.1  isl version isl-0.23-GMP]
  ignore line: []
  ignore line: [GGC heuristics: --param ggc-min-expand=100 --param ggc-min-heapsize=131072]
  ignore line: [Compiler executable checksum: 0971424d668f2a6328efbbdb1127e449]
  ignore line: [COLLECT_GCC_OPTIONS='-v' '-o' 'CMakeFiles/cmTC_1359a.dir/CMakeCCompilerABI.c.o' '-c' '-mmacosx-version-min=11.2.0'  '-mtune=core2']
  ignore line: [ as -arch x86_64 -v -force_cpusubtype_ALL -mmacosx-version-min=11.2 -o CMakeFiles/cmTC_1359a.dir/CMakeCCompilerABI.c.o /var/folders/rs/w8s1gwgn4nd4bcqf00p2ph180000gn/T//ccqbFlbY.s]
  ignore line: [Apple clang version 12.0.0 (clang-1200.0.32.29)]
  ignore line: [Target: x86_64-apple-darwin20.3.0]
  ignore line: [Thread model: posix]
  ignore line: [InstalledDir: /Library/Developer/CommandLineTools/usr/bin]
  ignore line: [ "/Library/Developer/CommandLineTools/usr/bin/clang" -cc1as -triple x86_64-apple-macosx11.2.0 -filetype obj -main-file-name ccqbFlbY.s -target-cpu penryn -fdebug-compilation-dir /Users/hengyi/dev/cpp_error_warning_test_set/cmake-build-debug/CMakeFiles/CMakeTmp -dwarf-debug-producer "Apple clang version 12.0.0 (clang-1200.0.32.29)" -dwarf-version=4 -mrelocation-model pic -o CMakeFiles/cmTC_1359a.dir/CMakeCCompilerABI.c.o /var/folders/rs/w8s1gwgn4nd4bcqf00p2ph180000gn/T//ccqbFlbY.s]
  ignore line: [COMPILER_PATH=/usr/local/Cellar/gcc/10.2.0_3/libexec/gcc/x86_64-apple-darwin20/10.2.0/:/usr/local/Cellar/gcc/10.2.0_3/libexec/gcc/x86_64-apple-darwin20/10.2.0/:/usr/local/Cellar/gcc/10.2.0_3/libexec/gcc/x86_64-apple-darwin20/:/usr/local/Cellar/gcc/10.2.0_3/lib/gcc/10/gcc/x86_64-apple-darwin20/10.2.0/:/usr/local/Cellar/gcc/10.2.0_3/lib/gcc/10/gcc/x86_64-apple-darwin20/]
  ignore line: [LIBRARY_PATH=/usr/local/Cellar/gcc/10.2.0_3/lib/gcc/10/gcc/x86_64-apple-darwin20/10.2.0/:/usr/local/Cellar/gcc/10.2.0_3/lib/gcc/10/gcc/x86_64-apple-darwin20/10.2.0/../../../]
  ignore line: [COLLECT_GCC_OPTIONS='-v' '-o' 'CMakeFiles/cmTC_1359a.dir/CMakeCCompilerABI.c.o' '-c' '-mmacosx-version-min=11.2.0'  '-mtune=core2']
  ignore line: [Linking C executable cmTC_1359a]
  ignore line: [/usr/local/Cellar/cmake/3.19.4/bin/cmake -E cmake_link_script CMakeFiles/cmTC_1359a.dir/link.txt --verbose=1]
  ignore line: [/usr/local/Cellar/gcc/10.2.0_3/bin/gcc-10 -Wl -search_paths_first -Wl -headerpad_max_install_names  -v -Wl -v CMakeFiles/cmTC_1359a.dir/CMakeCCompilerABI.c.o -o cmTC_1359a ]
  ignore line: [Using built-in specs.]
  ignore line: [COLLECT_GCC=/usr/local/Cellar/gcc/10.2.0_3/bin/gcc-10]
  ignore line: [COLLECT_LTO_WRAPPER=/usr/local/Cellar/gcc/10.2.0_3/libexec/gcc/x86_64-apple-darwin20/10.2.0/lto-wrapper]
  ignore line: [Target: x86_64-apple-darwin20]
  ignore line: [Configured with: ../configure --build=x86_64-apple-darwin20 --prefix=/usr/local/Cellar/gcc/10.2.0_3 --libdir=/usr/local/Cellar/gcc/10.2.0_3/lib/gcc/10 --disable-nls --enable-checking=release --enable-languages=c c++ objc obj-c++ fortran --program-suffix=-10 --with-gmp=/usr/local/opt/gmp --with-mpfr=/usr/local/opt/mpfr --with-mpc=/usr/local/opt/libmpc --with-isl=/usr/local/opt/isl --with-system-zlib --with-pkgversion='Homebrew GCC 10.2.0_3' --with-bugurl=https://github.com/Homebrew/homebrew-core/issues --disable-multilib --with-native-system-header-dir=/usr/include --with-sysroot=/Library/Developer/CommandLineTools/SDKs/MacOSX.sdk SED=/usr/bin/sed]
  ignore line: [Thread model: posix]
  ignore line: [Supported LTO compression algorithms: zlib]
  ignore line: [gcc version 10.2.0 (Homebrew GCC 10.2.0_3) ]
  ignore line: [COMPILER_PATH=/usr/local/Cellar/gcc/10.2.0_3/libexec/gcc/x86_64-apple-darwin20/10.2.0/:/usr/local/Cellar/gcc/10.2.0_3/libexec/gcc/x86_64-apple-darwin20/10.2.0/:/usr/local/Cellar/gcc/10.2.0_3/libexec/gcc/x86_64-apple-darwin20/:/usr/local/Cellar/gcc/10.2.0_3/lib/gcc/10/gcc/x86_64-apple-darwin20/10.2.0/:/usr/local/Cellar/gcc/10.2.0_3/lib/gcc/10/gcc/x86_64-apple-darwin20/]
  ignore line: [LIBRARY_PATH=/usr/local/Cellar/gcc/10.2.0_3/lib/gcc/10/gcc/x86_64-apple-darwin20/10.2.0/:/usr/local/Cellar/gcc/10.2.0_3/lib/gcc/10/gcc/x86_64-apple-darwin20/10.2.0/../../../]
  ignore line: [COLLECT_GCC_OPTIONS='-v' '-o' 'cmTC_1359a' '-mmacosx-version-min=11.2.0' '-asm_macosx_version_min=11.2' '-mtune=core2']
  link line: [ /usr/local/Cellar/gcc/10.2.0_3/libexec/gcc/x86_64-apple-darwin20/10.2.0/collect2 -syslibroot /Library/Developer/CommandLineTools/SDKs/MacOSX.sdk/ -dynamic -arch x86_64 -macosx_version_min 11.2.0 -weak_reference_mismatches non-weak -o cmTC_1359a -L/usr/local/Cellar/gcc/10.2.0_3/lib/gcc/10/gcc/x86_64-apple-darwin20/10.2.0 -L/usr/local/Cellar/gcc/10.2.0_3/lib/gcc/10/gcc/x86_64-apple-darwin20/10.2.0/../../.. -search_paths_first -headerpad_max_install_names -v CMakeFiles/cmTC_1359a.dir/CMakeCCompilerABI.c.o -lSystem -lgcc_ext.10.5 -lgcc -lSystem -no_compact_unwind -v]
    arg [/usr/local/Cellar/gcc/10.2.0_3/libexec/gcc/x86_64-apple-darwin20/10.2.0/collect2] ==> ignore
    arg [-syslibroot] ==> ignore
    arg [/Library/Developer/CommandLineTools/SDKs/MacOSX.sdk/] ==> ignore
    arg [-dynamic] ==> ignore
    arg [-arch] ==> ignore
    arg [x86_64] ==> ignore
    arg [-macosx_version_min] ==> ignore
    arg [11.2.0] ==> ignore
    arg [-weak_reference_mismatches] ==> ignore
    arg [non-weak] ==> ignore
    arg [-o] ==> ignore
    arg [cmTC_1359a] ==> ignore
    arg [-L/usr/local/Cellar/gcc/10.2.0_3/lib/gcc/10/gcc/x86_64-apple-darwin20/10.2.0] ==> dir [/usr/local/Cellar/gcc/10.2.0_3/lib/gcc/10/gcc/x86_64-apple-darwin20/10.2.0]
    arg [-L/usr/local/Cellar/gcc/10.2.0_3/lib/gcc/10/gcc/x86_64-apple-darwin20/10.2.0/../../..] ==> dir [/usr/local/Cellar/gcc/10.2.0_3/lib/gcc/10/gcc/x86_64-apple-darwin20/10.2.0/../../..]
    arg [-search_paths_first] ==> ignore
    arg [-headerpad_max_install_names] ==> ignore
    arg [-v] ==> ignore
    arg [CMakeFiles/cmTC_1359a.dir/CMakeCCompilerABI.c.o] ==> ignore
    arg [-lSystem] ==> lib [System]
    arg [-lgcc_ext.10.5] ==> lib [gcc_ext.10.5]
    arg [-lgcc] ==> lib [gcc]
    arg [-lSystem] ==> lib [System]
    arg [-no_compact_unwind] ==> ignore
    arg [-v] ==> ignore
  Library search paths: [;/usr/local/Cellar/gcc/10.2.0_3/lib/gcc/10/gcc/x86_64-apple-darwin20/10.2.0;/usr/local/Cellar/gcc/10.2.0_3/lib/gcc/10;/Library/Developer/CommandLineTools/SDKs/MacOSX.sdk/usr/lib]
  Framework search paths: [;/Library/Developer/CommandLineTools/SDKs/MacOSX.sdk/System/Library/Frameworks/]
  remove lib [System]
  remove lib [System]
  collapse library dir [/usr/local/Cellar/gcc/10.2.0_3/lib/gcc/10/gcc/x86_64-apple-darwin20/10.2.0] ==> [/usr/local/Cellar/gcc/10.2.0_3/lib/gcc/10/gcc/x86_64-apple-darwin20/10.2.0]
  collapse library dir [/usr/local/Cellar/gcc/10.2.0_3/lib/gcc/10/gcc/x86_64-apple-darwin20/10.2.0/../../..] ==> [/usr/local/Cellar/gcc/10.2.0_3/lib/gcc/10]
  collapse library dir [/usr/local/Cellar/gcc/10.2.0_3/lib/gcc/10/gcc/x86_64-apple-darwin20/10.2.0] ==> [/usr/local/Cellar/gcc/10.2.0_3/lib/gcc/10/gcc/x86_64-apple-darwin20/10.2.0]
  collapse library dir [/usr/local/Cellar/gcc/10.2.0_3/lib/gcc/10] ==> [/usr/local/Cellar/gcc/10.2.0_3/lib/gcc/10]
  collapse library dir [/Library/Developer/CommandLineTools/SDKs/MacOSX.sdk/usr/lib] ==> [/Library/Developer/CommandLineTools/SDKs/MacOSX.sdk/usr/lib]
  collapse framework dir [/Library/Developer/CommandLineTools/SDKs/MacOSX.sdk/System/Library/Frameworks/] ==> [/Library/Developer/CommandLineTools/SDKs/MacOSX.sdk/System/Library/Frameworks]
  implicit libs: [gcc_ext.10.5;gcc]
  implicit dirs: [/usr/local/Cellar/gcc/10.2.0_3/lib/gcc/10/gcc/x86_64-apple-darwin20/10.2.0;/usr/local/Cellar/gcc/10.2.0_3/lib/gcc/10;/Library/Developer/CommandLineTools/SDKs/MacOSX.sdk/usr/lib]
  implicit fwks: [/Library/Developer/CommandLineTools/SDKs/MacOSX.sdk/System/Library/Frameworks]


Detecting CXX compiler ABI info compiled with the following output:
Change Dir: /Users/hengyi/dev/cpp_error_warning_test_set/cmake-build-debug/CMakeFiles/CMakeTmp

Run Build Command(s):/usr/bin/make cmTC_68ea2/fast && /Library/Developer/CommandLineTools/usr/bin/make  -f CMakeFiles/cmTC_68ea2.dir/build.make CMakeFiles/cmTC_68ea2.dir/build
Building CXX object CMakeFiles/cmTC_68ea2.dir/CMakeCXXCompilerABI.cpp.o
/usr/local/Cellar/gcc/10.2.0_3/bin/g++-10   -v -Wl,-v -o CMakeFiles/cmTC_68ea2.dir/CMakeCXXCompilerABI.cpp.o -c /usr/local/Cellar/cmake/3.19.4/share/cmake/Modules/CMakeCXXCompilerABI.cpp
Using built-in specs.
COLLECT_GCC=/usr/local/Cellar/gcc/10.2.0_3/bin/g++-10
Target: x86_64-apple-darwin20
Configured with: ../configure --build=x86_64-apple-darwin20 --prefix=/usr/local/Cellar/gcc/10.2.0_3 --libdir=/usr/local/Cellar/gcc/10.2.0_3/lib/gcc/10 --disable-nls --enable-checking=release --enable-languages=c,c++,objc,obj-c++,fortran --program-suffix=-10 --with-gmp=/usr/local/opt/gmp --with-mpfr=/usr/local/opt/mpfr --with-mpc=/usr/local/opt/libmpc --with-isl=/usr/local/opt/isl --with-system-zlib --with-pkgversion='Homebrew GCC 10.2.0_3' --with-bugurl=https://github.com/Homebrew/homebrew-core/issues --disable-multilib --with-native-system-header-dir=/usr/include --with-sysroot=/Library/Developer/CommandLineTools/SDKs/MacOSX.sdk SED=/usr/bin/sed
Thread model: posix
Supported LTO compression algorithms: zlib
gcc version 10.2.0 (Homebrew GCC 10.2.0_3) 
COLLECT_GCC_OPTIONS='-v' '-o' 'CMakeFiles/cmTC_68ea2.dir/CMakeCXXCompilerABI.cpp.o' '-c' '-mmacosx-version-min=11.2.0' '-asm_macosx_version_min=11.2' '-shared-libgcc' '-mtune=core2'
 /usr/local/Cellar/gcc/10.2.0_3/libexec/gcc/x86_64-apple-darwin20/10.2.0/cc1plus -quiet -v -D__DYNAMIC__ /usr/local/Cellar/cmake/3.19.4/share/cmake/Modules/CMakeCXXCompilerABI.cpp -fPIC -quiet -dumpbase CMakeCXXCompilerABI.cpp -mmacosx-version-min=11.2.0 -mtune=core2 -auxbase-strip CMakeFiles/cmTC_68ea2.dir/CMakeCXXCompilerABI.cpp.o -version -o /var/folders/rs/w8s1gwgn4nd4bcqf00p2ph180000gn/T//ccmScyCC.s
GNU C++14 (Homebrew GCC 10.2.0_3) version 10.2.0 (x86_64-apple-darwin20)
	compiled by GNU C version 10.2.0, GMP version 6.2.1, MPFR version 4.1.0, MPC version 1.2.1, isl version isl-0.23-GMP

GGC heuristics: --param ggc-min-expand=100 --param ggc-min-heapsize=131072
ignoring nonexistent directory "/Library/Developer/CommandLineTools/SDKs/MacOSX.sdk/usr/local/include"
ignoring nonexistent directory "/usr/local/Cellar/gcc/10.2.0_3/lib/gcc/10/gcc/x86_64-apple-darwin20/10.2.0/../../../../../../x86_64-apple-darwin20/include"
ignoring nonexistent directory "/Library/Developer/CommandLineTools/SDKs/MacOSX.sdk/Library/Frameworks"
#include "..." search starts here:
#include <...> search starts here:
 /usr/local/Cellar/gcc/10.2.0_3/lib/gcc/10/gcc/x86_64-apple-darwin20/10.2.0/../../../../../../include/c++/10.2.0
 /usr/local/Cellar/gcc/10.2.0_3/lib/gcc/10/gcc/x86_64-apple-darwin20/10.2.0/../../../../../../include/c++/10.2.0/x86_64-apple-darwin20
 /usr/local/Cellar/gcc/10.2.0_3/lib/gcc/10/gcc/x86_64-apple-darwin20/10.2.0/../../../../../../include/c++/10.2.0/backward
 /usr/local/Cellar/gcc/10.2.0_3/lib/gcc/10/gcc/x86_64-apple-darwin20/10.2.0/include
 /usr/local/Cellar/gcc/10.2.0_3/lib/gcc/10/gcc/x86_64-apple-darwin20/10.2.0/include-fixed
 /Library/Developer/CommandLineTools/SDKs/MacOSX.sdk/usr/include
 /Library/Developer/CommandLineTools/SDKs/MacOSX.sdk/System/Library/Frameworks
End of search list.
GNU C++14 (Homebrew GCC 10.2.0_3) version 10.2.0 (x86_64-apple-darwin20)
	compiled by GNU C version 10.2.0, GMP version 6.2.1, MPFR version 4.1.0, MPC version 1.2.1, isl version isl-0.23-GMP

GGC heuristics: --param ggc-min-expand=100 --param ggc-min-heapsize=131072
Compiler executable checksum: be2a65be963ca718212b0e32a395ef20
COLLECT_GCC_OPTIONS='-v' '-o' 'CMakeFiles/cmTC_68ea2.dir/CMakeCXXCompilerABI.cpp.o' '-c' '-mmacosx-version-min=11.2.0'  '-shared-libgcc' '-mtune=core2'
 as -arch x86_64 -v -force_cpusubtype_ALL -mmacosx-version-min=11.2 -o CMakeFiles/cmTC_68ea2.dir/CMakeCXXCompilerABI.cpp.o /var/folders/rs/w8s1gwgn4nd4bcqf00p2ph180000gn/T//ccmScyCC.s
Apple clang version 12.0.0 (clang-1200.0.32.29)
Target: x86_64-apple-darwin20.3.0
Thread model: posix
InstalledDir: /Library/Developer/CommandLineTools/usr/bin
 "/Library/Developer/CommandLineTools/usr/bin/clang" -cc1as -triple x86_64-apple-macosx11.2.0 -filetype obj -main-file-name ccmScyCC.s -target-cpu penryn -fdebug-compilation-dir /Users/hengyi/dev/cpp_error_warning_test_set/cmake-build-debug/CMakeFiles/CMakeTmp -dwarf-debug-producer "Apple clang version 12.0.0 (clang-1200.0.32.29)" -dwarf-version=4 -mrelocation-model pic -o CMakeFiles/cmTC_68ea2.dir/CMakeCXXCompilerABI.cpp.o /var/folders/rs/w8s1gwgn4nd4bcqf00p2ph180000gn/T//ccmScyCC.s
COMPILER_PATH=/usr/local/Cellar/gcc/10.2.0_3/libexec/gcc/x86_64-apple-darwin20/10.2.0/:/usr/local/Cellar/gcc/10.2.0_3/libexec/gcc/x86_64-apple-darwin20/10.2.0/:/usr/local/Cellar/gcc/10.2.0_3/libexec/gcc/x86_64-apple-darwin20/:/usr/local/Cellar/gcc/10.2.0_3/lib/gcc/10/gcc/x86_64-apple-darwin20/10.2.0/:/usr/local/Cellar/gcc/10.2.0_3/lib/gcc/10/gcc/x86_64-apple-darwin20/
LIBRARY_PATH=/usr/local/Cellar/gcc/10.2.0_3/lib/gcc/10/gcc/x86_64-apple-darwin20/10.2.0/:/usr/local/Cellar/gcc/10.2.0_3/lib/gcc/10/gcc/x86_64-apple-darwin20/10.2.0/../../../
COLLECT_GCC_OPTIONS='-v' '-o' 'CMakeFiles/cmTC_68ea2.dir/CMakeCXXCompilerABI.cpp.o' '-c' '-mmacosx-version-min=11.2.0'  '-shared-libgcc' '-mtune=core2'
Linking CXX executable cmTC_68ea2
/usr/local/Cellar/cmake/3.19.4/bin/cmake -E cmake_link_script CMakeFiles/cmTC_68ea2.dir/link.txt --verbose=1
/usr/local/Cellar/gcc/10.2.0_3/bin/g++-10 -Wl,-search_paths_first -Wl,-headerpad_max_install_names  -v -Wl,-v CMakeFiles/cmTC_68ea2.dir/CMakeCXXCompilerABI.cpp.o -o cmTC_68ea2 
Using built-in specs.
COLLECT_GCC=/usr/local/Cellar/gcc/10.2.0_3/bin/g++-10
COLLECT_LTO_WRAPPER=/usr/local/Cellar/gcc/10.2.0_3/libexec/gcc/x86_64-apple-darwin20/10.2.0/lto-wrapper
Target: x86_64-apple-darwin20
Configured with: ../configure --build=x86_64-apple-darwin20 --prefix=/usr/local/Cellar/gcc/10.2.0_3 --libdir=/usr/local/Cellar/gcc/10.2.0_3/lib/gcc/10 --disable-nls --enable-checking=release --enable-languages=c,c++,objc,obj-c++,fortran --program-suffix=-10 --with-gmp=/usr/local/opt/gmp --with-mpfr=/usr/local/opt/mpfr --with-mpc=/usr/local/opt/libmpc --with-isl=/usr/local/opt/isl --with-system-zlib --with-pkgversion='Homebrew GCC 10.2.0_3' --with-bugurl=https://github.com/Homebrew/homebrew-core/issues --disable-multilib --with-native-system-header-dir=/usr/include --with-sysroot=/Library/Developer/CommandLineTools/SDKs/MacOSX.sdk SED=/usr/bin/sed
Thread model: posix
Supported LTO compression algorithms: zlib
gcc version 10.2.0 (Homebrew GCC 10.2.0_3) 
COMPILER_PATH=/usr/local/Cellar/gcc/10.2.0_3/libexec/gcc/x86_64-apple-darwin20/10.2.0/:/usr/local/Cellar/gcc/10.2.0_3/libexec/gcc/x86_64-apple-darwin20/10.2.0/:/usr/local/Cellar/gcc/10.2.0_3/libexec/gcc/x86_64-apple-darwin20/:/usr/local/Cellar/gcc/10.2.0_3/lib/gcc/10/gcc/x86_64-apple-darwin20/10.2.0/:/usr/local/Cellar/gcc/10.2.0_3/lib/gcc/10/gcc/x86_64-apple-darwin20/
LIBRARY_PATH=/usr/local/Cellar/gcc/10.2.0_3/lib/gcc/10/gcc/x86_64-apple-darwin20/10.2.0/:/usr/local/Cellar/gcc/10.2.0_3/lib/gcc/10/gcc/x86_64-apple-darwin20/10.2.0/../../../
COLLECT_GCC_OPTIONS='-v' '-o' 'cmTC_68ea2' '-mmacosx-version-min=11.2.0' '-asm_macosx_version_min=11.2' '-shared-libgcc' '-mtune=core2'
 /usr/local/Cellar/gcc/10.2.0_3/libexec/gcc/x86_64-apple-darwin20/10.2.0/collect2 -syslibroot /Library/Developer/CommandLineTools/SDKs/MacOSX.sdk/ -dynamic -arch x86_64 -macosx_version_min 11.2.0 -weak_reference_mismatches non-weak -o cmTC_68ea2 -L/usr/local/Cellar/gcc/10.2.0_3/lib/gcc/10/gcc/x86_64-apple-darwin20/10.2.0 -L/usr/local/Cellar/gcc/10.2.0_3/lib/gcc/10/gcc/x86_64-apple-darwin20/10.2.0/../../.. -search_paths_first -headerpad_max_install_names -v CMakeFiles/cmTC_68ea2.dir/CMakeCXXCompilerABI.cpp.o -lstdc++ -lSystem -lgcc_ext.10.5 -lgcc -lSystem -no_compact_unwind -v
collect2 version 10.2.0
/usr/bin/ld -syslibroot /Library/Developer/CommandLineTools/SDKs/MacOSX.sdk/ -dynamic -arch x86_64 -macosx_version_min 11.2.0 -weak_reference_mismatches non-weak -o cmTC_68ea2 -L/usr/local/Cellar/gcc/10.2.0_3/lib/gcc/10/gcc/x86_64-apple-darwin20/10.2.0 -L/usr/local/Cellar/gcc/10.2.0_3/lib/gcc/10/gcc/x86_64-apple-darwin20/10.2.0/../../.. -search_paths_first -headerpad_max_install_names -v CMakeFiles/cmTC_68ea2.dir/CMakeCXXCompilerABI.cpp.o -lstdc++ -lSystem -lgcc_ext.10.5 -lgcc -lSystem -no_compact_unwind -v
@(#)PROGRAM:ld  PROJECT:ld64-609.8
BUILD 15:07:46 Dec 18 2020
configured to support archs: armv6 armv7 armv7s arm64 arm64e arm64_32 i386 x86_64 x86_64h armv6m armv7k armv7m armv7em
@(#)PROGRAM:ld  PROJECT:ld64-609.8
BUILD 15:07:46 Dec 18 2020
configured to support archs: armv6 armv7 armv7s arm64 arm64e arm64_32 i386 x86_64 x86_64h armv6m armv7k armv7m armv7em
Library search paths:
	/usr/local/Cellar/gcc/10.2.0_3/lib/gcc/10/gcc/x86_64-apple-darwin20/10.2.0
	/usr/local/Cellar/gcc/10.2.0_3/lib/gcc/10
	/Library/Developer/CommandLineTools/SDKs/MacOSX.sdk/usr/lib
Framework search paths:
	/Library/Developer/CommandLineTools/SDKs/MacOSX.sdk/System/Library/Frameworks/



Parsed CXX implicit include dir info from above output: rv=done
  found start of include info
  found start of implicit include info
    add: [/usr/local/Cellar/gcc/10.2.0_3/lib/gcc/10/gcc/x86_64-apple-darwin20/10.2.0/../../../../../../include/c++/10.2.0]
    add: [/usr/local/Cellar/gcc/10.2.0_3/lib/gcc/10/gcc/x86_64-apple-darwin20/10.2.0/../../../../../../include/c++/10.2.0/x86_64-apple-darwin20]
    add: [/usr/local/Cellar/gcc/10.2.0_3/lib/gcc/10/gcc/x86_64-apple-darwin20/10.2.0/../../../../../../include/c++/10.2.0/backward]
    add: [/usr/local/Cellar/gcc/10.2.0_3/lib/gcc/10/gcc/x86_64-apple-darwin20/10.2.0/include]
    add: [/usr/local/Cellar/gcc/10.2.0_3/lib/gcc/10/gcc/x86_64-apple-darwin20/10.2.0/include-fixed]
    add: [/Library/Developer/CommandLineTools/SDKs/MacOSX.sdk/usr/include]
    add: [/Library/Developer/CommandLineTools/SDKs/MacOSX.sdk/System/Library/Frameworks]
  end of search list found
  collapse include dir [/usr/local/Cellar/gcc/10.2.0_3/lib/gcc/10/gcc/x86_64-apple-darwin20/10.2.0/../../../../../../include/c++/10.2.0] ==> [/usr/local/Cellar/gcc/10.2.0_3/include/c++/10.2.0]
  collapse include dir [/usr/local/Cellar/gcc/10.2.0_3/lib/gcc/10/gcc/x86_64-apple-darwin20/10.2.0/../../../../../../include/c++/10.2.0/x86_64-apple-darwin20] ==> [/usr/local/Cellar/gcc/10.2.0_3/include/c++/10.2.0/x86_64-apple-darwin20]
  collapse include dir [/usr/local/Cellar/gcc/10.2.0_3/lib/gcc/10/gcc/x86_64-apple-darwin20/10.2.0/../../../../../../include/c++/10.2.0/backward] ==> [/usr/local/Cellar/gcc/10.2.0_3/include/c++/10.2.0/backward]
  collapse include dir [/usr/local/Cellar/gcc/10.2.0_3/lib/gcc/10/gcc/x86_64-apple-darwin20/10.2.0/include] ==> [/usr/local/Cellar/gcc/10.2.0_3/lib/gcc/10/gcc/x86_64-apple-darwin20/10.2.0/include]
  collapse include dir [/usr/local/Cellar/gcc/10.2.0_3/lib/gcc/10/gcc/x86_64-apple-darwin20/10.2.0/include-fixed] ==> [/usr/local/Cellar/gcc/10.2.0_3/lib/gcc/10/gcc/x86_64-apple-darwin20/10.2.0/include-fixed]
  collapse include dir [/Library/Developer/CommandLineTools/SDKs/MacOSX.sdk/usr/include] ==> [/Library/Developer/CommandLineTools/SDKs/MacOSX.sdk/usr/include]
  collapse include dir [/Library/Developer/CommandLineTools/SDKs/MacOSX.sdk/System/Library/Frameworks] ==> [/Library/Developer/CommandLineTools/SDKs/MacOSX.sdk/System/Library/Frameworks]
  implicit include dirs: [/usr/local/Cellar/gcc/10.2.0_3/include/c++/10.2.0;/usr/local/Cellar/gcc/10.2.0_3/include/c++/10.2.0/x86_64-apple-darwin20;/usr/local/Cellar/gcc/10.2.0_3/include/c++/10.2.0/backward;/usr/local/Cellar/gcc/10.2.0_3/lib/gcc/10/gcc/x86_64-apple-darwin20/10.2.0/include;/usr/local/Cellar/gcc/10.2.0_3/lib/gcc/10/gcc/x86_64-apple-darwin20/10.2.0/include-fixed;/Library/Developer/CommandLineTools/SDKs/MacOSX.sdk/usr/include;/Library/Developer/CommandLineTools/SDKs/MacOSX.sdk/System/Library/Frameworks]


Parsed CXX implicit link information from above output:
  link line regex: [^( *|.*[/\])(ld|CMAKE_LINK_STARTFILE-NOTFOUND|([^/\]+-)?ld|collect2)[^/\]*( |$)]
  ignore line: [Change Dir: /Users/hengyi/dev/cpp_error_warning_test_set/cmake-build-debug/CMakeFiles/CMakeTmp]
  ignore line: []
  ignore line: [Run Build Command(s):/usr/bin/make cmTC_68ea2/fast && /Library/Developer/CommandLineTools/usr/bin/make  -f CMakeFiles/cmTC_68ea2.dir/build.make CMakeFiles/cmTC_68ea2.dir/build]
  ignore line: [Building CXX object CMakeFiles/cmTC_68ea2.dir/CMakeCXXCompilerABI.cpp.o]
  ignore line: [/usr/local/Cellar/gcc/10.2.0_3/bin/g++-10   -v -Wl -v -o CMakeFiles/cmTC_68ea2.dir/CMakeCXXCompilerABI.cpp.o -c /usr/local/Cellar/cmake/3.19.4/share/cmake/Modules/CMakeCXXCompilerABI.cpp]
  ignore line: [Using built-in specs.]
  ignore line: [COLLECT_GCC=/usr/local/Cellar/gcc/10.2.0_3/bin/g++-10]
  ignore line: [Target: x86_64-apple-darwin20]
  ignore line: [Configured with: ../configure --build=x86_64-apple-darwin20 --prefix=/usr/local/Cellar/gcc/10.2.0_3 --libdir=/usr/local/Cellar/gcc/10.2.0_3/lib/gcc/10 --disable-nls --enable-checking=release --enable-languages=c c++ objc obj-c++ fortran --program-suffix=-10 --with-gmp=/usr/local/opt/gmp --with-mpfr=/usr/local/opt/mpfr --with-mpc=/usr/local/opt/libmpc --with-isl=/usr/local/opt/isl --with-system-zlib --with-pkgversion='Homebrew GCC 10.2.0_3' --with-bugurl=https://github.com/Homebrew/homebrew-core/issues --disable-multilib --with-native-system-header-dir=/usr/include --with-sysroot=/Library/Developer/CommandLineTools/SDKs/MacOSX.sdk SED=/usr/bin/sed]
  ignore line: [Thread model: posix]
  ignore line: [Supported LTO compression algorithms: zlib]
  ignore line: [gcc version 10.2.0 (Homebrew GCC 10.2.0_3) ]
  ignore line: [COLLECT_GCC_OPTIONS='-v' '-o' 'CMakeFiles/cmTC_68ea2.dir/CMakeCXXCompilerABI.cpp.o' '-c' '-mmacosx-version-min=11.2.0' '-asm_macosx_version_min=11.2' '-shared-libgcc' '-mtune=core2']
  ignore line: [ /usr/local/Cellar/gcc/10.2.0_3/libexec/gcc/x86_64-apple-darwin20/10.2.0/cc1plus -quiet -v -D__DYNAMIC__ /usr/local/Cellar/cmake/3.19.4/share/cmake/Modules/CMakeCXXCompilerABI.cpp -fPIC -quiet -dumpbase CMakeCXXCompilerABI.cpp -mmacosx-version-min=11.2.0 -mtune=core2 -auxbase-strip CMakeFiles/cmTC_68ea2.dir/CMakeCXXCompilerABI.cpp.o -version -o /var/folders/rs/w8s1gwgn4nd4bcqf00p2ph180000gn/T//ccmScyCC.s]
  ignore line: [GNU C++14 (Homebrew GCC 10.2.0_3) version 10.2.0 (x86_64-apple-darwin20)]
  ignore line: [	compiled by GNU C version 10.2.0  GMP version 6.2.1  MPFR version 4.1.0  MPC version 1.2.1  isl version isl-0.23-GMP]
  ignore line: []
  ignore line: [GGC heuristics: --param ggc-min-expand=100 --param ggc-min-heapsize=131072]
  ignore line: [ignoring nonexistent directory "/Library/Developer/CommandLineTools/SDKs/MacOSX.sdk/usr/local/include"]
  ignore line: [ignoring nonexistent directory "/usr/local/Cellar/gcc/10.2.0_3/lib/gcc/10/gcc/x86_64-apple-darwin20/10.2.0/../../../../../../x86_64-apple-darwin20/include"]
  ignore line: [ignoring nonexistent directory "/Library/Developer/CommandLineTools/SDKs/MacOSX.sdk/Library/Frameworks"]
  ignore line: [#include "..." search starts here:]
  ignore line: [#include <...> search starts here:]
  ignore line: [ /usr/local/Cellar/gcc/10.2.0_3/lib/gcc/10/gcc/x86_64-apple-darwin20/10.2.0/../../../../../../include/c++/10.2.0]
  ignore line: [ /usr/local/Cellar/gcc/10.2.0_3/lib/gcc/10/gcc/x86_64-apple-darwin20/10.2.0/../../../../../../include/c++/10.2.0/x86_64-apple-darwin20]
  ignore line: [ /usr/local/Cellar/gcc/10.2.0_3/lib/gcc/10/gcc/x86_64-apple-darwin20/10.2.0/../../../../../../include/c++/10.2.0/backward]
  ignore line: [ /usr/local/Cellar/gcc/10.2.0_3/lib/gcc/10/gcc/x86_64-apple-darwin20/10.2.0/include]
  ignore line: [ /usr/local/Cellar/gcc/10.2.0_3/lib/gcc/10/gcc/x86_64-apple-darwin20/10.2.0/include-fixed]
  ignore line: [ /Library/Developer/CommandLineTools/SDKs/MacOSX.sdk/usr/include]
  ignore line: [ /Library/Developer/CommandLineTools/SDKs/MacOSX.sdk/System/Library/Frameworks]
  ignore line: [End of search list.]
  ignore line: [GNU C++14 (Homebrew GCC 10.2.0_3) version 10.2.0 (x86_64-apple-darwin20)]
  ignore line: [	compiled by GNU C version 10.2.0  GMP version 6.2.1  MPFR version 4.1.0  MPC version 1.2.1  isl version isl-0.23-GMP]
  ignore line: []
  ignore line: [GGC heuristics: --param ggc-min-expand=100 --param ggc-min-heapsize=131072]
  ignore line: [Compiler executable checksum: be2a65be963ca718212b0e32a395ef20]
  ignore line: [COLLECT_GCC_OPTIONS='-v' '-o' 'CMakeFiles/cmTC_68ea2.dir/CMakeCXXCompilerABI.cpp.o' '-c' '-mmacosx-version-min=11.2.0'  '-shared-libgcc' '-mtune=core2']
  ignore line: [ as -arch x86_64 -v -force_cpusubtype_ALL -mmacosx-version-min=11.2 -o CMakeFiles/cmTC_68ea2.dir/CMakeCXXCompilerABI.cpp.o /var/folders/rs/w8s1gwgn4nd4bcqf00p2ph180000gn/T//ccmScyCC.s]
  ignore line: [Apple clang version 12.0.0 (clang-1200.0.32.29)]
  ignore line: [Target: x86_64-apple-darwin20.3.0]
  ignore line: [Thread model: posix]
  ignore line: [InstalledDir: /Library/Developer/CommandLineTools/usr/bin]
  ignore line: [ "/Library/Developer/CommandLineTools/usr/bin/clang" -cc1as -triple x86_64-apple-macosx11.2.0 -filetype obj -main-file-name ccmScyCC.s -target-cpu penryn -fdebug-compilation-dir /Users/hengyi/dev/cpp_error_warning_test_set/cmake-build-debug/CMakeFiles/CMakeTmp -dwarf-debug-producer "Apple clang version 12.0.0 (clang-1200.0.32.29)" -dwarf-version=4 -mrelocation-model pic -o CMakeFiles/cmTC_68ea2.dir/CMakeCXXCompilerABI.cpp.o /var/folders/rs/w8s1gwgn4nd4bcqf00p2ph180000gn/T//ccmScyCC.s]
  ignore line: [COMPILER_PATH=/usr/local/Cellar/gcc/10.2.0_3/libexec/gcc/x86_64-apple-darwin20/10.2.0/:/usr/local/Cellar/gcc/10.2.0_3/libexec/gcc/x86_64-apple-darwin20/10.2.0/:/usr/local/Cellar/gcc/10.2.0_3/libexec/gcc/x86_64-apple-darwin20/:/usr/local/Cellar/gcc/10.2.0_3/lib/gcc/10/gcc/x86_64-apple-darwin20/10.2.0/:/usr/local/Cellar/gcc/10.2.0_3/lib/gcc/10/gcc/x86_64-apple-darwin20/]
  ignore line: [LIBRARY_PATH=/usr/local/Cellar/gcc/10.2.0_3/lib/gcc/10/gcc/x86_64-apple-darwin20/10.2.0/:/usr/local/Cellar/gcc/10.2.0_3/lib/gcc/10/gcc/x86_64-apple-darwin20/10.2.0/../../../]
  ignore line: [COLLECT_GCC_OPTIONS='-v' '-o' 'CMakeFiles/cmTC_68ea2.dir/CMakeCXXCompilerABI.cpp.o' '-c' '-mmacosx-version-min=11.2.0'  '-shared-libgcc' '-mtune=core2']
  ignore line: [Linking CXX executable cmTC_68ea2]
  ignore line: [/usr/local/Cellar/cmake/3.19.4/bin/cmake -E cmake_link_script CMakeFiles/cmTC_68ea2.dir/link.txt --verbose=1]
  ignore line: [/usr/local/Cellar/gcc/10.2.0_3/bin/g++-10 -Wl -search_paths_first -Wl -headerpad_max_install_names  -v -Wl -v CMakeFiles/cmTC_68ea2.dir/CMakeCXXCompilerABI.cpp.o -o cmTC_68ea2 ]
  ignore line: [Using built-in specs.]
  ignore line: [COLLECT_GCC=/usr/local/Cellar/gcc/10.2.0_3/bin/g++-10]
  ignore line: [COLLECT_LTO_WRAPPER=/usr/local/Cellar/gcc/10.2.0_3/libexec/gcc/x86_64-apple-darwin20/10.2.0/lto-wrapper]
  ignore line: [Target: x86_64-apple-darwin20]
  ignore line: [Configured with: ../configure --build=x86_64-apple-darwin20 --prefix=/usr/local/Cellar/gcc/10.2.0_3 --libdir=/usr/local/Cellar/gcc/10.2.0_3/lib/gcc/10 --disable-nls --enable-checking=release --enable-languages=c c++ objc obj-c++ fortran --program-suffix=-10 --with-gmp=/usr/local/opt/gmp --with-mpfr=/usr/local/opt/mpfr --with-mpc=/usr/local/opt/libmpc --with-isl=/usr/local/opt/isl --with-system-zlib --with-pkgversion='Homebrew GCC 10.2.0_3' --with-bugurl=https://github.com/Homebrew/homebrew-core/issues --disable-multilib --with-native-system-header-dir=/usr/include --with-sysroot=/Library/Developer/CommandLineTools/SDKs/MacOSX.sdk SED=/usr/bin/sed]
  ignore line: [Thread model: posix]
  ignore line: [Supported LTO compression algorithms: zlib]
  ignore line: [gcc version 10.2.0 (Homebrew GCC 10.2.0_3) ]
  ignore line: [COMPILER_PATH=/usr/local/Cellar/gcc/10.2.0_3/libexec/gcc/x86_64-apple-darwin20/10.2.0/:/usr/local/Cellar/gcc/10.2.0_3/libexec/gcc/x86_64-apple-darwin20/10.2.0/:/usr/local/Cellar/gcc/10.2.0_3/libexec/gcc/x86_64-apple-darwin20/:/usr/local/Cellar/gcc/10.2.0_3/lib/gcc/10/gcc/x86_64-apple-darwin20/10.2.0/:/usr/local/Cellar/gcc/10.2.0_3/lib/gcc/10/gcc/x86_64-apple-darwin20/]
  ignore line: [LIBRARY_PATH=/usr/local/Cellar/gcc/10.2.0_3/lib/gcc/10/gcc/x86_64-apple-darwin20/10.2.0/:/usr/local/Cellar/gcc/10.2.0_3/lib/gcc/10/gcc/x86_64-apple-darwin20/10.2.0/../../../]
  ignore line: [COLLECT_GCC_OPTIONS='-v' '-o' 'cmTC_68ea2' '-mmacosx-version-min=11.2.0' '-asm_macosx_version_min=11.2' '-shared-libgcc' '-mtune=core2']
  link line: [ /usr/local/Cellar/gcc/10.2.0_3/libexec/gcc/x86_64-apple-darwin20/10.2.0/collect2 -syslibroot /Library/Developer/CommandLineTools/SDKs/MacOSX.sdk/ -dynamic -arch x86_64 -macosx_version_min 11.2.0 -weak_reference_mismatches non-weak -o cmTC_68ea2 -L/usr/local/Cellar/gcc/10.2.0_3/lib/gcc/10/gcc/x86_64-apple-darwin20/10.2.0 -L/usr/local/Cellar/gcc/10.2.0_3/lib/gcc/10/gcc/x86_64-apple-darwin20/10.2.0/../../.. -search_paths_first -headerpad_max_install_names -v CMakeFiles/cmTC_68ea2.dir/CMakeCXXCompilerABI.cpp.o -lstdc++ -lSystem -lgcc_ext.10.5 -lgcc -lSystem -no_compact_unwind -v]
    arg [/usr/local/Cellar/gcc/10.2.0_3/libexec/gcc/x86_64-apple-darwin20/10.2.0/collect2] ==> ignore
    arg [-syslibroot] ==> ignore
    arg [/Library/Developer/CommandLineTools/SDKs/MacOSX.sdk/] ==> ignore
    arg [-dynamic] ==> ignore
    arg [-arch] ==> ignore
    arg [x86_64] ==> ignore
    arg [-macosx_version_min] ==> ignore
    arg [11.2.0] ==> ignore
    arg [-weak_reference_mismatches] ==> ignore
    arg [non-weak] ==> ignore
    arg [-o] ==> ignore
    arg [cmTC_68ea2] ==> ignore
    arg [-L/usr/local/Cellar/gcc/10.2.0_3/lib/gcc/10/gcc/x86_64-apple-darwin20/10.2.0] ==> dir [/usr/local/Cellar/gcc/10.2.0_3/lib/gcc/10/gcc/x86_64-apple-darwin20/10.2.0]
    arg [-L/usr/local/Cellar/gcc/10.2.0_3/lib/gcc/10/gcc/x86_64-apple-darwin20/10.2.0/../../..] ==> dir [/usr/local/Cellar/gcc/10.2.0_3/lib/gcc/10/gcc/x86_64-apple-darwin20/10.2.0/../../..]
    arg [-search_paths_first] ==> ignore
    arg [-headerpad_max_install_names] ==> ignore
    arg [-v] ==> ignore
    arg [CMakeFiles/cmTC_68ea2.dir/CMakeCXXCompilerABI.cpp.o] ==> ignore
    arg [-lstdc++] ==> lib [stdc++]
    arg [-lSystem] ==> lib [System]
    arg [-lgcc_ext.10.5] ==> lib [gcc_ext.10.5]
    arg [-lgcc] ==> lib [gcc]
    arg [-lSystem] ==> lib [System]
    arg [-no_compact_unwind] ==> ignore
    arg [-v] ==> ignore
  Library search paths: [;/usr/local/Cellar/gcc/10.2.0_3/lib/gcc/10/gcc/x86_64-apple-darwin20/10.2.0;/usr/local/Cellar/gcc/10.2.0_3/lib/gcc/10;/Library/Developer/CommandLineTools/SDKs/MacOSX.sdk/usr/lib]
  Framework search paths: [;/Library/Developer/CommandLineTools/SDKs/MacOSX.sdk/System/Library/Frameworks/]
  remove lib [System]
  remove lib [System]
  collapse library dir [/usr/local/Cellar/gcc/10.2.0_3/lib/gcc/10/gcc/x86_64-apple-darwin20/10.2.0] ==> [/usr/local/Cellar/gcc/10.2.0_3/lib/gcc/10/gcc/x86_64-apple-darwin20/10.2.0]
  collapse library dir [/usr/local/Cellar/gcc/10.2.0_3/lib/gcc/10/gcc/x86_64-apple-darwin20/10.2.0/../../..] ==> [/usr/local/Cellar/gcc/10.2.0_3/lib/gcc/10]
  collapse library dir [/usr/local/Cellar/gcc/10.2.0_3/lib/gcc/10/gcc/x86_64-apple-darwin20/10.2.0] ==> [/usr/local/Cellar/gcc/10.2.0_3/lib/gcc/10/gcc/x86_64-apple-darwin20/10.2.0]
  collapse library dir [/usr/local/Cellar/gcc/10.2.0_3/lib/gcc/10] ==> [/usr/local/Cellar/gcc/10.2.0_3/lib/gcc/10]
  collapse library dir [/Library/Developer/CommandLineTools/SDKs/MacOSX.sdk/usr/lib] ==> [/Library/Developer/CommandLineTools/SDKs/MacOSX.sdk/usr/lib]
  collapse framework dir [/Library/Developer/CommandLineTools/SDKs/MacOSX.sdk/System/Library/Frameworks/] ==> [/Library/Developer/CommandLineTools/SDKs/MacOSX.sdk/System/Library/Frameworks]
  implicit libs: [stdc++;gcc_ext.10.5;gcc]
  implicit dirs: [/usr/local/Cellar/gcc/10.2.0_3/lib/gcc/10/gcc/x86_64-apple-darwin20/10.2.0;/usr/local/Cellar/gcc/10.2.0_3/lib/gcc/10;/Library/Developer/CommandLineTools/SDKs/MacOSX.sdk/usr/lib]
  implicit fwks: [/Library/Developer/CommandLineTools/SDKs/MacOSX.sdk/System/Library/Frameworks]


